---------------------------------------------------------------
[ 2018-06-11T15:32:43+08:00 ] 192.168.10.101 GET /
[ info ] 192.168.10.134/ [运行时间：0.145325s][吞吐率：6.88req/s] [内存消耗：696.27kb] [文件加载：56]
[ info ] [ LANG ] /var/www/html/think/lang/zh-cn.php
[ info ] [ ROUTE ] array (
  'type' => 'module',
  'module' => 
  array (
    0 => '',
    1 => NULL,
    2 => NULL,
  ),
)
[ info ] [ HEADER ] array (
  'host' => '192.168.10.134',
  'connection' => 'keep-alive',
  'upgrade-insecure-requests' => '1',
  'user-agent' => 'Mozilla/5.0 (Windows NT 10.0; Win64; x64) AppleWebKit/537.36 (KHTML, like Gecko) Chrome/67.0.3396.79 Safari/537.36',
  'dnt' => '1',
  'accept' => 'text/html,application/xhtml+xml,application/xml;q=0.9,image/webp,image/apng,*/*;q=0.8',
  'accept-encoding' => 'gzip, deflate',
  'accept-language' => 'zh-CN,zh;q=0.9,en;q=0.8',
  'cookie' => 'PHPSESSID=1voiesscb9c0g21id5mol2vgh1',
)
[ info ] [ PARAM ] array (
)
[ info ] [ DB ] INIT mysql
[ info ] [ CACHE ] INIT File
[ info ] [ RUN ] app\home\controller\Index->index[ /var/www/html/app/home/controller/Index.php ]
[ info ] [ VIEW ] /var/www/html/app/home/view/index_index.html [ array (
  0 => 'sys',
  1 => 'action',
  2 => 'controller',
  3 => 'title',
  4 => 'keywords',
  5 => 'description',
  6 => 'category',
  7 => 'adList',
  8 => 'linkList',
) ]
[ info ] [ SESSION ] INIT array (
  'id' => '',
  'var_session_id' => '',
  'prefix' => 'think',
  'type' => '',
  'auto_start' => true,
)
[ info ] [ LOG ] INIT File
[ sql ] [ DB ] CONNECT:[ UseTime:0.002055s ] mysql:host=127.0.0.1;port=3306;dbname=cltphp_db;charset=utf8
[ sql ] [ SQL ] SHOW COLUMNS FROM `clt_category` [ RunTime:0.014193s ]
[ sql ] [ SQL ] SELECT * FROM `clt_category` WHERE  `id` IS NULL LIMIT 1 [ RunTime:0.000595s ]
[ sql ] [ SQL ] SELECT * FROM `clt_category` WHERE  `parentid` = 0  AND `ismenu` = 1 ORDER BY `listorder` [ RunTime:0.003713s ]
[ sql ] [ SQL ] SELECT * FROM `clt_category` WHERE  `ismenu` = 1 ORDER BY `listorder` [ RunTime:0.000453s ]
[ sql ] [ SQL ] SHOW COLUMNS FROM `clt_ad` [ RunTime:0.001532s ]
[ sql ] [ SQL ] SELECT * FROM `clt_ad` WHERE  `type_id` = 1  AND `open` = 1 ORDER BY sort asc LIMIT 4 [ RunTime:0.000734s ]
[ sql ] [ SQL ] SHOW COLUMNS FROM `clt_link` [ RunTime:0.001470s ]
[ sql ] [ SQL ] SELECT * FROM `clt_link` WHERE  `open` = 1 ORDER BY sort asc [ RunTime:0.000657s ]
[ sql ] [ SQL ] SHOW COLUMNS FROM `clt_article` [ RunTime:0.001994s ]
[ sql ] [ SQL ] SELECT `a`.*,`c`.`catdir` FROM `clt_article` `a` LEFT JOIN `clt_category` `c` ON `a`.`catid`=`c`.`id` WHERE  (  posid = 1 ) ORDER BY listorder asc,createtime desc LIMIT 4 [ RunTime:0.002889s ]
[ sql ] [ SQL ] SHOW COLUMNS FROM `clt_debris` [ RunTime:0.001396s ]
[ sql ] [ SQL ] SELECT * FROM `clt_debris` WHERE  (  type_id = 1 ) LIMIT 3 [ RunTime:0.000653s ]
[ error ] [8]未定义变量: info[/var/www/html/runtime/temp/32d92f36780154d3751b0713101b4a3b.php:11]
[ error ] [8]未定义变量: info[/var/www/html/runtime/temp/32d92f36780154d3751b0713101b4a3b.php:12]
[ error ] [8]未定义变量: info[/var/www/html/runtime/temp/32d92f36780154d3751b0713101b4a3b.php:13]
[ error ] [8]未定义数组索引: title_thumb[/var/www/html/runtime/temp/32d92f36780154d3751b0713101b4a3b.php:232]
[ error ] [8]未定义数组索引: title_thumb[/var/www/html/runtime/temp/32d92f36780154d3751b0713101b4a3b.php:232]
[ error ] [8]未定义数组索引: title_thumb[/var/www/html/runtime/temp/32d92f36780154d3751b0713101b4a3b.php:232]
[ error ] [8]未定义数组索引: title_thumb[/var/www/html/runtime/temp/32d92f36780154d3751b0713101b4a3b.php:232]
---------------------------------------------------------------
[ 2018-06-11T17:29:04+08:00 ] 192.168.10.101 GET /
[ info ] 192.168.10.154/ [运行时间：0.150265s][吞吐率：6.65req/s] [内存消耗：695.83kb] [文件加载：56]
[ info ] [ LANG ] /var/www/html/think/lang/zh-cn.php
[ info ] [ ROUTE ] array (
  'type' => 'module',
  'module' => 
  array (
    0 => '',
    1 => NULL,
    2 => NULL,
  ),
)
[ info ] [ HEADER ] array (
  'host' => '192.168.10.154',
  'connection' => 'keep-alive',
  'upgrade-insecure-requests' => '1',
  'user-agent' => 'Mozilla/5.0 (Windows NT 10.0; Win64; x64) AppleWebKit/537.36 (KHTML, like Gecko) Chrome/67.0.3396.79 Safari/537.36',
  'dnt' => '1',
  'accept' => 'text/html,application/xhtml+xml,application/xml;q=0.9,image/webp,image/apng,*/*;q=0.8',
  'accept-encoding' => 'gzip, deflate',
  'accept-language' => 'zh-CN,zh;q=0.9,en;q=0.8',
)
[ info ] [ PARAM ] array (
)
[ info ] [ DB ] INIT mysql
[ info ] [ CACHE ] INIT File
[ info ] [ RUN ] app\home\controller\Index->index[ /var/www/html/app/home/controller/Index.php ]
[ info ] [ VIEW ] /var/www/html/app/home/view/index_index.html [ array (
  0 => 'sys',
  1 => 'action',
  2 => 'controller',
  3 => 'title',
  4 => 'keywords',
  5 => 'description',
  6 => 'category',
  7 => 'adList',
  8 => 'linkList',
) ]
[ info ] [ SESSION ] INIT array (
  'id' => '',
  'var_session_id' => '',
  'prefix' => 'think',
  'type' => '',
  'auto_start' => true,
)
[ info ] [ LOG ] INIT File
[ sql ] [ DB ] CONNECT:[ UseTime:0.002000s ] mysql:host=127.0.0.1;port=3306;dbname=cltphp_db;charset=utf8
[ sql ] [ SQL ] SHOW COLUMNS FROM `clt_category` [ RunTime:0.022016s ]
[ sql ] [ SQL ] SELECT * FROM `clt_category` WHERE  `id` IS NULL LIMIT 1 [ RunTime:0.000590s ]
[ sql ] [ SQL ] SELECT * FROM `clt_category` WHERE  `parentid` = 0  AND `ismenu` = 1 ORDER BY `listorder` [ RunTime:0.003757s ]
[ sql ] [ SQL ] SELECT * FROM `clt_category` WHERE  `ismenu` = 1 ORDER BY `listorder` [ RunTime:0.000422s ]
[ sql ] [ SQL ] SHOW COLUMNS FROM `clt_ad` [ RunTime:0.001683s ]
[ sql ] [ SQL ] SELECT * FROM `clt_ad` WHERE  `type_id` = 1  AND `open` = 1 ORDER BY sort asc LIMIT 4 [ RunTime:0.000775s ]
[ sql ] [ SQL ] SHOW COLUMNS FROM `clt_link` [ RunTime:0.001359s ]
[ sql ] [ SQL ] SELECT * FROM `clt_link` WHERE  `open` = 1 ORDER BY sort asc [ RunTime:0.000628s ]
[ sql ] [ SQL ] SHOW COLUMNS FROM `clt_article` [ RunTime:0.001775s ]
[ sql ] [ SQL ] SELECT `a`.*,`c`.`catdir` FROM `clt_article` `a` LEFT JOIN `clt_category` `c` ON `a`.`catid`=`c`.`id` WHERE  (  posid = 1 ) ORDER BY listorder asc,createtime desc LIMIT 4 [ RunTime:0.003030s ]
[ sql ] [ SQL ] SHOW COLUMNS FROM `clt_debris` [ RunTime:0.001334s ]
[ sql ] [ SQL ] SELECT * FROM `clt_debris` WHERE  (  type_id = 1 ) LIMIT 3 [ RunTime:0.000590s ]
[ error ] [8]未定义变量: info[/var/www/html/runtime/temp/32d92f36780154d3751b0713101b4a3b.php:11]
[ error ] [8]未定义变量: info[/var/www/html/runtime/temp/32d92f36780154d3751b0713101b4a3b.php:12]
[ error ] [8]未定义变量: info[/var/www/html/runtime/temp/32d92f36780154d3751b0713101b4a3b.php:13]
[ error ] [8]未定义数组索引: title_thumb[/var/www/html/runtime/temp/32d92f36780154d3751b0713101b4a3b.php:232]
[ error ] [8]未定义数组索引: title_thumb[/var/www/html/runtime/temp/32d92f36780154d3751b0713101b4a3b.php:232]
[ error ] [8]未定义数组索引: title_thumb[/var/www/html/runtime/temp/32d92f36780154d3751b0713101b4a3b.php:232]
[ error ] [8]未定义数组索引: title_thumb[/var/www/html/runtime/temp/32d92f36780154d3751b0713101b4a3b.php:232]
